已經開始建置於 2017/9/25 下午 05:25:47。
     1>節點 2 (Build 目標) 上的專案 "D:\Project\Cutting\CuttingSampleLabel\CuttingSampleLabel\CuttingSampleLabel.vcxproj"。
     1>ClCompile:
         C:\Program Files (x86)\Microsoft Visual Studio 12.0\VC\bin\x86_amd64\CL.exe /c /ID:\Project\Cutting\CuttingSampleLabel\packages\OpenCV.2.4.11\build\native\../../build/native/include/ /I.\GeneratedFiles /I. /IC:\Qt\Qt5.3.2\5.3\msvc2013_64\include /I.\GeneratedFiles\Debug /IC:\Qt\Qt5.3.2\5.3\msvc2013_64\include\QtCore /IC:\Qt\Qt5.3.2\5.3\msvc2013_64\include\QtGui /IC:\Qt\Qt5.3.2\5.3\msvc2013_64\include\QtWidgets /Zi /nologo /W1 /WX- /Od /D HAS_OPENCV /D UNICODE /D WIN32 /D WIN64 /D QT_DLL /D QT_CORE_LIB /D QT_GUI_LIB /D QT_WIDGETS_LIB /Gm- /EHsc /MDd /GS /fp:precise /Zc:wchar_t /Zc:forScope /Fo"x64\Debug\\" /Fd"x64\Debug\vc120.pdb" /Gd /TP /errorReport:prompt CaptureImage.cpp GeneratedFiles\Debug\moc_cuttingsamplelabel.cpp cuttingsamplelabel.cpp main.cpp
         CaptureImage.cpp
         moc_cuttingsamplelabel.cpp
         cuttingsamplelabel.cpp
         main.cpp
         正在產生程式碼...
       Link:
         C:\Program Files (x86)\Microsoft Visual Studio 12.0\VC\bin\x86_amd64\link.exe /ERRORREPORT:PROMPT /OUT:"D:\Project\Cutting\CuttingSampleLabel\x64\Debug\\CuttingSampleLabel.exe" /NOLOGO /LIBPATH:C:\Qt\Qt5.3.2\5.3\msvc2013_64\lib D:\Project\Cutting\CuttingSampleLabel\packages\OpenCV.2.4.11\build\native\../../build/native/lib/x64/v120/Debug/opencv_videostab2411d.lib D:\Project\Cutting\CuttingSampleLabel\packages\OpenCV.2.4.11\build\native\../../build/native/lib/x64/v120/Debug/opencv_video2411d.lib D:\Project\Cutting\CuttingSampleLabel\packages\OpenCV.2.4.11\build\native\../../build/native/lib/x64/v120/Debug/opencv_ts2411d.lib D:\Project\Cutting\CuttingSampleLabel\packages\OpenCV.2.4.11\build\native\../../build/native/lib/x64/v120/Debug/opencv_superres2411d.lib D:\Project\Cutting\CuttingSampleLabel\packages\OpenCV.2.4.11\build\native\../../build/native/lib/x64/v120/Debug/opencv_stitching2411d.lib D:\Project\Cutting\CuttingSampleLabel\packages\OpenCV.2.4.11\build\native\../../build/native/lib/x64/v120/Debug/opencv_photo2411d.lib D:\Project\Cutting\CuttingSampleLabel\packages\OpenCV.2.4.11\build\native\../../build/native/lib/x64/v120/Debug/opencv_ocl2411d.lib D:\Project\Cutting\CuttingSampleLabel\packages\OpenCV.2.4.11\build\native\../../build/native/lib/x64/v120/Debug/opencv_objdetect2411d.lib D:\Project\Cutting\CuttingSampleLabel\packages\OpenCV.2.4.11\build\native\../../build/native/lib/x64/v120/Debug/opencv_nonfree2411d.lib D:\Project\Cutting\CuttingSampleLabel\packages\OpenCV.2.4.11\build\native\../../build/native/lib/x64/v120/Debug/opencv_ml2411d.lib D:\Project\Cutting\CuttingSampleLabel\packages\OpenCV.2.4.11\build\native\../../build/native/lib/x64/v120/Debug/opencv_legacy2411d.lib D:\Project\Cutting\CuttingSampleLabel\packages\OpenCV.2.4.11\build\native\../../build/native/lib/x64/v120/Debug/opencv_imgproc2411d.lib D:\Project\Cutting\CuttingSampleLabel\packages\OpenCV.2.4.11\build\native\../../build/native/lib/x64/v120/Debug/opencv_highgui2411d.lib D:\Project\Cutting\CuttingSampleLabel\packages\OpenCV.2.4.11\build\native\../../build/native/lib/x64/v120/Debug/opencv_gpu2411d.lib D:\Project\Cutting\CuttingSampleLabel\packages\OpenCV.2.4.11\build\native\../../build/native/lib/x64/v120/Debug/opencv_flann2411d.lib D:\Project\Cutting\CuttingSampleLabel\packages\OpenCV.2.4.11\build\native\../../build/native/lib/x64/v120/Debug/opencv_features2d2411d.lib D:\Project\Cutting\CuttingSampleLabel\packages\OpenCV.2.4.11\build\native\../../build/native/lib/x64/v120/Debug/opencv_core2411d.lib D:\Project\Cutting\CuttingSampleLabel\packages\OpenCV.2.4.11\build\native\../../build/native/lib/x64/v120/Debug/opencv_contrib2411d.lib D:\Project\Cutting\CuttingSampleLabel\packages\OpenCV.2.4.11\build\native\../../build/native/lib/x64/v120/Debug/opencv_calib3d2411d.lib qtmaind.lib Qt5Cored.lib Qt5Guid.lib Qt5Widgetsd.lib kernel32.lib user32.lib gdi32.lib winspool.lib comdlg32.lib advapi32.lib shell32.lib ole32.lib oleaut32.lib uuid.lib odbc32.lib odbccp32.lib /MANIFEST /MANIFESTUAC:"level='asInvoker' uiAccess='false'" /manifest:embed /DEBUG /PDB:"D:\Project\Cutting\CuttingSampleLabel\x64\Debug\CuttingSampleLabel.pdb" /SUBSYSTEM:WINDOWS /TLBID:1 /DYNAMICBASE /NXCOMPAT /IMPLIB:"D:\Project\Cutting\CuttingSampleLabel\x64\Debug\CuttingSampleLabel.lib" /MACHINE:X64 x64\Debug\CaptureImage.obj
         x64\Debug\cuttingsamplelabel.obj
         x64\Debug\moc_cuttingsamplelabel.obj
         x64\Debug\moc_MyGraphicView.obj
         x64\Debug\qrc_cuttingsamplelabel.obj
         x64\Debug\LabelType.obj
         x64\Debug\main.obj
         x64\Debug\MyGraphicView.obj
         CuttingSampleLabel.vcxproj -> D:\Project\Cutting\CuttingSampleLabel\x64\Debug\CuttingSampleLabel.exe
     1>專案 "D:\Project\Cutting\CuttingSampleLabel\CuttingSampleLabel\CuttingSampleLabel.vcxproj" (Build 目標) 建置完成。

建置成功。

經過時間 00:00:04.03
