c:\users\zxc22\desktop\cuttingsamplelabel\cuttingsamplelabel\x64\debug\vc120.pdb
c:\users\zxc22\desktop\cuttingsamplelabel\cuttingsamplelabel\x64\debug\mygraphicview.obj
c:\users\zxc22\desktop\cuttingsamplelabel\cuttingsamplelabel\x64\debug\main.obj
c:\users\zxc22\desktop\cuttingsamplelabel\cuttingsamplelabel\x64\debug\labeltype.obj
c:\users\zxc22\desktop\cuttingsamplelabel\cuttingsamplelabel\x64\debug\moc_mygraphicview.obj
c:\users\zxc22\desktop\cuttingsamplelabel\cuttingsamplelabel\x64\debug\moc_cuttingsamplelabel.obj
c:\users\zxc22\desktop\cuttingsamplelabel\cuttingsamplelabel\x64\debug\cuttingsamplelabel.obj
c:\users\zxc22\desktop\cuttingsamplelabel\cuttingsamplelabel\x64\debug\captureimage.obj
c:\users\zxc22\desktop\cuttingsamplelabel\cuttingsamplelabel\x64\debug\qrc_cuttingsamplelabel.obj
c:\users\zxc22\desktop\cuttingsamplelabel\cuttingsamplelabel\generatedfiles\debug\moc_cuttingsamplelabel.cpp
c:\users\zxc22\desktop\cuttingsamplelabel\cuttingsamplelabel\generatedfiles\ui_cuttingsamplelabel.h
c:\users\zxc22\desktop\cuttingsamplelabel\cuttingsamplelabel\generatedfiles\debug\moc_mygraphicview.cpp
c:\users\zxc22\desktop\cuttingsamplelabel\cuttingsamplelabel\generatedfiles\qrc_cuttingsamplelabel.cpp
c:\users\zxc22\desktop\cuttingsamplelabel\x64\debug\cuttingsamplelabel.ilk
c:\users\zxc22\desktop\cuttingsamplelabel\x64\debug\cuttingsamplelabel.exe
c:\users\zxc22\desktop\cuttingsamplelabel\x64\debug\cuttingsamplelabel.pdb
c:\users\zxc22\desktop\cuttingsamplelabel\cuttingsamplelabel\x64\debug\cuttings.b12702ad.tlog\cl.command.1.tlog
c:\users\zxc22\desktop\cuttingsamplelabel\cuttingsamplelabel\x64\debug\cuttings.b12702ad.tlog\cl.read.1.tlog
c:\users\zxc22\desktop\cuttingsamplelabel\cuttingsamplelabel\x64\debug\cuttings.b12702ad.tlog\cl.write.1.tlog
c:\users\zxc22\desktop\cuttingsamplelabel\cuttingsamplelabel\x64\debug\cuttings.b12702ad.tlog\custombuild.command.1.tlog
c:\users\zxc22\desktop\cuttingsamplelabel\cuttingsamplelabel\x64\debug\cuttings.b12702ad.tlog\custombuild.read.1.tlog
c:\users\zxc22\desktop\cuttingsamplelabel\cuttingsamplelabel\x64\debug\cuttings.b12702ad.tlog\custombuild.write.1.tlog
c:\users\zxc22\desktop\cuttingsamplelabel\cuttingsamplelabel\x64\debug\cuttings.b12702ad.tlog\link.command.1.tlog
c:\users\zxc22\desktop\cuttingsamplelabel\cuttingsamplelabel\x64\debug\cuttings.b12702ad.tlog\link.read.1.tlog
c:\users\zxc22\desktop\cuttingsamplelabel\cuttingsamplelabel\x64\debug\cuttings.b12702ad.tlog\link.write.1.tlog
