c:\users\zxc22\desktop\cuttingsamplelabel\cuttingsamplelabel\x64\release\mygraphicview.obj
c:\users\zxc22\desktop\cuttingsamplelabel\cuttingsamplelabel\x64\release\main.obj
c:\users\zxc22\desktop\cuttingsamplelabel\cuttingsamplelabel\x64\release\labeltype.obj
c:\users\zxc22\desktop\cuttingsamplelabel\cuttingsamplelabel\x64\release\moc_mygraphicview.obj
c:\users\zxc22\desktop\cuttingsamplelabel\cuttingsamplelabel\x64\release\moc_cuttingsamplelabel.obj
c:\users\zxc22\desktop\cuttingsamplelabel\cuttingsamplelabel\x64\release\cuttingsamplelabel.obj
c:\users\zxc22\desktop\cuttingsamplelabel\cuttingsamplelabel\x64\release\captureimage.obj
c:\users\zxc22\desktop\cuttingsamplelabel\cuttingsamplelabel\x64\release\qrc_cuttingsamplelabel.obj
c:\users\zxc22\desktop\cuttingsamplelabel\cuttingsamplelabel\generatedfiles\release\moc_cuttingsamplelabel.cpp
c:\users\zxc22\desktop\cuttingsamplelabel\cuttingsamplelabel\generatedfiles\ui_cuttingsamplelabel.h
c:\users\zxc22\desktop\cuttingsamplelabel\cuttingsamplelabel\generatedfiles\release\moc_mygraphicview.cpp
c:\users\zxc22\desktop\cuttingsamplelabel\cuttingsamplelabel\generatedfiles\qrc_cuttingsamplelabel.cpp
c:\users\zxc22\desktop\cuttingsamplelabel\x64\release\cuttingsamplelabel.exe
c:\users\zxc22\desktop\cuttingsamplelabel\cuttingsamplelabel\x64\release\cuttings.b12702ad.tlog\cl.command.1.tlog
c:\users\zxc22\desktop\cuttingsamplelabel\cuttingsamplelabel\x64\release\cuttings.b12702ad.tlog\cl.read.1.tlog
c:\users\zxc22\desktop\cuttingsamplelabel\cuttingsamplelabel\x64\release\cuttings.b12702ad.tlog\cl.write.1.tlog
c:\users\zxc22\desktop\cuttingsamplelabel\cuttingsamplelabel\x64\release\cuttings.b12702ad.tlog\custombuild.command.1.tlog
c:\users\zxc22\desktop\cuttingsamplelabel\cuttingsamplelabel\x64\release\cuttings.b12702ad.tlog\custombuild.read.1.tlog
c:\users\zxc22\desktop\cuttingsamplelabel\cuttingsamplelabel\x64\release\cuttings.b12702ad.tlog\custombuild.write.1.tlog
c:\users\zxc22\desktop\cuttingsamplelabel\cuttingsamplelabel\x64\release\cuttings.b12702ad.tlog\link.command.1.tlog
c:\users\zxc22\desktop\cuttingsamplelabel\cuttingsamplelabel\x64\release\cuttings.b12702ad.tlog\link.read.1.tlog
c:\users\zxc22\desktop\cuttingsamplelabel\cuttingsamplelabel\x64\release\cuttings.b12702ad.tlog\link.write.1.tlog
